<?xml version="1.0" encoding="UTF-8"?>
<testsuites name="jest tests" tests="26" failures="0" time="2.713">
  <testsuite name="Reservation Page Tests" errors="0" failures="0" skipped="0" timestamp="2021-08-23T18:04:45" time="1.343" tests="3">
    <testcase classname="Reservation Page Tests Check if fetch call for the reservations was made and data was received" name="Reservation Page Tests Check if fetch call for the reservations was made and data was received" time="0.063">
    </testcase>
    <testcase classname="Reservation Page Tests Catches errors and returns null" name="Reservation Page Tests Catches errors and returns null" time="0.033">
    </testcase>
    <testcase classname="Reservation Page Tests Adding reservation to table" name="Reservation Page Tests Adding reservation to table" time="0.093">
    </testcase>
  </testsuite>
  <testsuite name="Landing Page Tests" errors="0" failures="0" skipped="0" timestamp="2021-08-23T18:04:45" time="1.401" tests="4">
    <testcase classname="Landing Page Tests Check if fetch call for cities was made and data was received" name="Landing Page Tests Check if fetch call for cities was made and data was received" time="0.046">
    </testcase>
    <testcase classname="Landing Page Tests Catches errors and returns null" name="Landing Page Tests Catches errors and returns null" time="0.017">
    </testcase>
    <testcase classname="Landing Page Tests Tries adding a new City - London" name="Landing Page Tests Tries adding a new City - London" time="0.021">
    </testcase>
    <testcase classname="Landing Page Tests Check if City Card is linked correctly to Adventures page" name="Landing Page Tests Check if City Card is linked correctly to Adventures page" time="0.018">
    </testcase>
  </testsuite>
  <testsuite name="Adventure Detail Page Tests" errors="0" failures="0" skipped="0" timestamp="2021-08-23T18:04:45" time="1.509" tests="9">
    <testcase classname="Adventure Detail Page Tests Extract city from URL Params" name="Adventure Detail Page Tests Extract city from URL Params" time="0.088">
    </testcase>
    <testcase classname="Adventure Detail Page Tests Check if fetch call for the adventure details was made and data was received" name="Adventure Detail Page Tests Check if fetch call for the adventure details was made and data was received" time="0.031">
    </testcase>
    <testcase classname="Adventure Detail Page Tests Catches errors and returns null" name="Adventure Detail Page Tests Catches errors and returns null" time="0.023">
    </testcase>
    <testcase classname="Adventure Detail Page Tests Tries adding a Adventure Details - Park" name="Adventure Detail Page Tests Tries adding a Adventure Details - Park" time="0.029">
    </testcase>
    <testcase classname="Adventure Detail Page Tests Check if bootstrap gallery is working" name="Adventure Detail Page Tests Check if bootstrap gallery is working" time="0.036">
    </testcase>
    <testcase classname="Adventure Detail Page Tests Check if conditional rendering is working" name="Adventure Detail Page Tests Check if conditional rendering is working" time="0.017">
    </testcase>
    <testcase classname="Adventure Detail Page Tests Check if reservation cost is calculated correctly and updated in DOM" name="Adventure Detail Page Tests Check if reservation cost is calculated correctly and updated in DOM" time="0.015">
    </testcase>
    <testcase classname="Adventure Detail Page Tests Check if reservation banner is displayed" name="Adventure Detail Page Tests Check if reservation banner is displayed" time="0.012">
    </testcase>
    <testcase classname="Adventure Detail Page Tests Check if JQuery form submission is taking place" name="Adventure Detail Page Tests Check if JQuery form submission is taking place" time="0.022">
    </testcase>
  </testsuite>
  <testsuite name="Adventure Page Tests" errors="0" failures="0" skipped="0" timestamp="2021-08-23T18:04:45" time="1.573" tests="10">
    <testcase classname="Adventure Page Tests Extract city from URL Params" name="Adventure Page Tests Extract city from URL Params" time="0.074">
    </testcase>
    <testcase classname="Adventure Page Tests Check if fetch call for the adventures was made and data was received" name="Adventure Page Tests Check if fetch call for the adventures was made and data was received" time="0.03">
    </testcase>
    <testcase classname="Adventure Page Tests Catches errors and returns null" name="Adventure Page Tests Catches errors and returns null" time="0.021">
    </testcase>
    <testcase classname="Adventure Page Tests Tries adding a new Adventure - Park" name="Adventure Page Tests Tries adding a new Adventure - Park" time="0.019">
    </testcase>
    <testcase classname="Adventure Page Tests Check if City Card is linked correctly to Adventures page" name="Adventure Page Tests Check if City Card is linked correctly to Adventures page" time="0.016">
    </testcase>
    <testcase classname="Adventure Page Tests Check if filter by duration is working" name="Adventure Page Tests Check if filter by duration is working" time="0.017">
    </testcase>
    <testcase classname="Adventure Page Tests Check if filter by category is working" name="Adventure Page Tests Check if filter by category is working" time="0.011">
    </testcase>
    <testcase classname="Adventure Page Tests Check if filter by category and filter by duration are both working simultaneously" name="Adventure Page Tests Check if filter by category and filter by duration are both working simultaneously" time="0.015">
    </testcase>
    <testcase classname="Adventure Page Tests Check if filter is being added to local storage" name="Adventure Page Tests Check if filter is being added to local storage" time="0.01">
    </testcase>
    <testcase classname="Adventure Page Tests Check if filter is being retrieved from local storage" name="Adventure Page Tests Check if filter is being retrieved from local storage" time="0.013">
    </testcase>
  </testsuite>
</testsuites>